<?xml version="1.0" encoding="UTF-8"?>
<testsuite name="com.example.runners.RunnerDemo" tests="0" skipped="0" failures="0" errors="0" timestamp="1970-01-01T00:00:00" hostname="CHMEP5CD9326Y5J" time="0.0">
  <properties/>
  <system-out><![CDATA[@stories
Feature: the user wants to enter the automation demo site page and register correctly

  @exitoso
  Scenario Outline: Fill registration form on the page Automation Demo site ?[90m# src/test/resources/features/ejercicio.feature:5?[0m
    ?[36mGiven than Carlos wants join to the website Automation Demo site?[0m
    ?[36mWhen Carlos fill the form with your data?[0m
    ?[36mThen verify that the registration was correct with the text Table Row.?[0m

    Examples: 

  @stories @exitoso
  Scenario Outline: Fill registration form on the page Automation Demo site ?[90m# src/test/resources/features/ejercicio.feature:13?[0m

?[31mFailed scenarios:?[0m
?[31msrc/test/resources/features/ejercicio.feature:13 ?[0m# Fill registration form on the page Automation Demo site

1 Scenarios (?[31m1 failed?[0m)
3 Steps (?[31m1 failed?[0m, ?[36m1 skipped?[0m, ?[32m1 passed?[0m)
0m19,370s

net.serenitybdd.core.exceptions.SerenityManagedException: Error al diligenciar los datos, compruebe que el correo o el numero de celular no esten registrados previamente - 
Expected: an element that is not visible
     but: the element identified by css: div[ng-if='errorlabel'] [Email already exists
Phone number already exists] was visible
	at net.serenitybdd.screenplay.ErrorTally.throwSummaryExceptionFrom(ErrorTally.java:36)
	at net.serenitybdd.screenplay.ErrorTally.reportAnyErrors(ErrorTally.java:30)
	at net.serenitybdd.screenplay.Actor.should(Actor.java:187)
	at task.Diligenciar.performAs(Diligenciar.java:60)
	at task.Diligenciar$$EnhancerByCGLIB$$c5ab3dd8.CGLIB$performAs$0(<generated>)
	at task.Diligenciar$$EnhancerByCGLIB$$c5ab3dd8$$FastClassByCGLIB$$81ad78e2.invoke(<generated>)
	at net.sf.cglib.proxy.MethodProxy.invokeSuper(MethodProxy.java:228)
	at net.thucydides.core.steps.BaseMethodRunner.invokeMethod(BaseMethodRunner.java:10)
	at net.thucydides.core.steps.NormalMethodRunner.invokeMethodAndNotifyFailures(NormalMethodRunner.java:20)
	at net.thucydides.core.steps.StepInterceptor.runNormalMethod(StepInterceptor.java:361)
	at net.thucydides.core.steps.StepInterceptor.testStepResult(StepInterceptor.java:132)
	at net.thucydides.core.steps.StepInterceptor.intercept(StepInterceptor.java:68)
	at task.Diligenciar$$EnhancerByCGLIB$$c5ab3dd8.performAs(<generated>)
	at net.serenitybdd.screenplay.Actor.perform(Actor.java:106)
	at net.serenitybdd.screenplay.Actor.attemptsTo(Actor.java:90)
	at com.example.stepdefinitions.AutomationDemosStepDefinitions.Carlos_fill_the_form_with_your_data(AutomationDemosStepDefinitions.java:31)
	at ?.Carlos fill the form with your data(src/test/resources/features/ejercicio.feature:7)

]]></system-out>
  <system-err><![CDATA[[Test worker] INFO net.serenitybdd.core.Serenity - ?[36m

-------------------------------------------------------------------------------------
     _______. _______ .______       _______ .__   __.  __  .___________.____    ____ 
    /       ||   ____||   _  \     |   ____||  \ |  | |  | |           |\   \  /   / 
   |   (----`|  |__   |  |_)  |    |  |__   |   \|  | |  | `---|  |----` \   \/   /  
    \   \    |   __|  |      /     |   __|  |  . `  | |  |     |  |       \_    _/   
.----)   |   |  |____ |  |\  \----.|  |____ |  |\   | |  |     |  |         |  |     
|_______/    |_______|| _| `._____||_______||__| \__| |__|     |__|         |__|    
                                                                                     
 News and tutorials at http://www.serenity-bdd.info                                  
 Documentation at https://wakaleo.gitbooks.io/the-serenity-book/content/             
 Join the Serenity Community on Rocket Chat at https://serenity-bdd.rocket.chat      
 Serenity BDD Support and Training at http://serenity-bdd.info/#/trainingandsupport  
 Learn Serenity BDD online at http://serenity-dojo.com                               
-------------------------------------------------------------------------------------
?[0m
[Test worker] INFO net.serenitybdd.core.Serenity - Test Suite Started: the user wants to enter the automation demo site page and register correctly
[Test worker] INFO net.serenitybdd.core.Serenity - 
 _____ _____ ____ _____   ____ _____  _    ____ _____ _____ ____  
|_   _| ____/ ___|_   _| / ___|_   _|/ \  |  _ \_   _| ____|  _ \ 
  | | |  _| \___ \ | |   \___ \ | | / _ \ | |_) || | |  _| | | | |
  | | | |___ ___) || |    ___) || |/ ___ \|  _ < | | | |___| |_| |
  |_| |_____|____/ |_|   |____/ |_/_/   \_\_| \_\|_| |_____|____/ 
                                                                  

TEST STARTED: Fill registration form on the page Automation Demo site
-------------------------------------------------------------------(the-user-wants-to-enter-the-automation-demo-site-page-and-register-correctly;fill-registration-form-on-the-page-automation-demo-site)
[Test worker] ERROR net.serenitybdd.core.Serenity - 
           __  _____ _____ ____ _____   _____ _    ___ _     _____ ____  
  _       / / |_   _| ____/ ___|_   _| |  ___/ \  |_ _| |   | ____|  _ \ 
 (_)_____| |    | | |  _| \___ \ | |   | |_ / _ \  | || |   |  _| | | | |
  _|_____| |    | | | |___ ___) || |   |  _/ ___ \ | || |___| |___| |_| |
 (_)     | |    |_| |_____|____/ |_|   |_|/_/   \_\___|_____|_____|____/ 
          \_\                                                            

TEST FAILED: Fill registration form on the page Automation Demo site
--------------------------------------------------------------------------
[Test worker] ERROR net.serenitybdd.core.Serenity - TEST FAILED AT STEP Perform as: Carlos
[Test worker] ERROR net.serenitybdd.core.Serenity - Error al diligenciar los datos, compruebe que el correo o el numero de celular no esten registrados previamente - Expected: an element that is not visible but: the element identified by css: div[ng-if='errorlabel'] [Email already existsPhone number already exists] was visible
]]></system-err>
</testsuite>
