<?xml version="1.0" encoding="UTF-8"?>
<testsuite name="the user wants to enter the automation demo site page and register correctly" tests="1" skipped="0" failures="0" errors="0" timestamp="2020-05-27T17:04:43" hostname="CHMEPPF0HDQQD" time="35.94">
  <properties/>
  <testcase name="Fill registration form on the page Automation Demo site" classname="the user wants to enter the automation demo site page and register correctly" time="35.94"/>
  <system-out><![CDATA[]]></system-out>
  <system-err><![CDATA[may 27, 2020 12:04:44 PM org.openqa.selenium.remote.DesiredCapabilities chrome
INFORMACIÓN: Using `new ChromeOptions()` is preferred to `DesiredCapabilities.chrome()`
Starting ChromeDriver 83.0.4103.39 (ccbf011cb2d2b19b506d844400483861342c20cd-refs/branch-heads/4103@{#416}) on port 27827
Only local connections are allowed.
Please see https://chromedriver.chromium.org/security-considerations for suggestions on keeping ChromeDriver safe.
ChromeDriver was started successfully.
may 27, 2020 12:04:50 PM org.openqa.selenium.remote.ProtocolHandshake createSession
INFORMACIÓN: Detected dialect: W3C
[Test worker] INFO net.serenitybdd.core.Serenity - 
        __    _____ _____ ____ _____   ____   _    ____  ____  _____ ____  
  _     \ \  |_   _| ____/ ___|_   _| |  _ \ / \  / ___|/ ___|| ____|  _ \ 
 (_)_____| |   | | |  _| \___ \ | |   | |_) / _ \ \___ \\___ \|  _| | | | |
  _|_____| |   | | | |___ ___) || |   |  __/ ___ \ ___) |___) | |___| |_| |
 (_)     | |   |_| |_____|____/ |_|   |_| /_/   \_\____/|____/|_____|____/ 
        /_/                                                                

TEST PASSED: Fill registration form on the page Automation Demo site
----------------------------------------------------------------------------
]]></system-err>
</testsuite>
